<?xml version="1.0" encoding="utf-8" standalone="no"?>
<!--This file represents the results of running a test suite-->
<test-results name="C:\projects\trustpilot-fsharp-flow\tests\Trustpilot.FSharp.Flow.Tests\bin\Release\Trustpilot.FSharp.Flow.Tests.dll" total="1" errors="0" failures="0" not-run="0" inconclusive="0" ignored="0" skipped="0" invalid="0" date="2016-01-22" time="01:18:37">
  <environment nunit-version="2.6.4.14350" clr-version="2.0.50727.8009" os-version="Microsoft Windows NT 6.2.9200.0" platform="Win32NT" cwd="C:\projects\trustpilot-fsharp-flow" machine-name="APPVEYOR-VM" user="appveyor" user-domain="APPVEYOR-VM" />
  <culture-info current-culture="en-US" current-uiculture="en-US" />
  <test-suite type="Assembly" name="C:\projects\trustpilot-fsharp-flow\tests\Trustpilot.FSharp.Flow.Tests\bin\Release\Trustpilot.FSharp.Flow.Tests.dll" executed="True" result="Success" success="True" time="1.454" asserts="0">
    <results>
      <test-suite type="Namespace" name="Trustpilot" executed="True" result="Success" success="True" time="1.444" asserts="0">
        <results>
          <test-suite type="Namespace" name="FSharp" executed="True" result="Success" success="True" time="1.442" asserts="0">
            <results>
              <test-suite type="Namespace" name="Flow" executed="True" result="Success" success="True" time="1.441" asserts="0">
                <results>
                  <test-suite type="TestFixture" name="Tests" executed="True" result="Success" success="True" time="1.425" asserts="0">
                    <results>
                      <test-case name="Trustpilot.FSharp.Flow.Tests.hello returns 42" executed="True" result="Success" success="True" time="0.080" asserts="1" />
                    </results>
                  </test-suite>
                </results>
              </test-suite>
            </results>
          </test-suite>
        </results>
      </test-suite>
    </results>
  </test-suite>
</test-results>